This is pdfTeX, Version 3.14159265-2.6-1.40.16 (TeX Live 2015) (preloaded format=pdflatex 2017.3.16)  7 NOV 2017 17:11
entering extended mode
 restricted \write18 enabled.
 %&-line parsing enabled.
**report.tex
(./report.tex
LaTeX2e <2015/01/01> patch level 2
Babel <3.9l> and hyphenation patterns for 2 languages loaded.
(/usr/share/texmf-dist/tex/latex/base/article.cls
Document Class: article 2014/09/29 v1.4h Standard LaTeX document class
(/usr/share/texmf-dist/tex/latex/base/size10.clo
File: size10.clo 2014/09/29 v1.4h Standard LaTeX file (size option)
)
\c@part=\count79
\c@section=\count80
\c@subsection=\count81
\c@subsubsection=\count82
\c@paragraph=\count83
\c@subparagraph=\count84
\c@figure=\count85
\c@table=\count86
\abovecaptionskip=\skip41
\belowcaptionskip=\skip42
\bibindent=\dimen102
)
(/usr/share/texmf-dist/tex/latex/base/inputenc.sty
Package: inputenc 2015/03/17 v1.2c Input encoding file
\inpenc@prehook=\toks14
\inpenc@posthook=\toks15

(/usr/share/texmf-dist/tex/latex/base/utf8.def
File: utf8.def 2015/06/27 v1.1n UTF-8 support for inputenc
Now handling font encoding OML ...
... no UTF-8 mapping file for font encoding OML
Now handling font encoding T1 ...
... processing UTF-8 mapping file for font encoding T1

(/usr/share/texmf-dist/tex/latex/base/t1enc.dfu
File: t1enc.dfu 2015/06/27 v1.1n UTF-8 support for inputenc
   defining Unicode char U+00A1 (decimal 161)
   defining Unicode char U+00A3 (decimal 163)
   defining Unicode char U+00AB (decimal 171)
   defining Unicode char U+00BB (decimal 187)
   defining Unicode char U+00BF (decimal 191)
   defining Unicode char U+00C0 (decimal 192)
   defining Unicode char U+00C1 (decimal 193)
   defining Unicode char U+00C2 (decimal 194)
   defining Unicode char U+00C3 (decimal 195)
   defining Unicode char U+00C4 (decimal 196)
   defining Unicode char U+00C5 (decimal 197)
   defining Unicode char U+00C6 (decimal 198)
   defining Unicode char U+00C7 (decimal 199)
   defining Unicode char U+00C8 (decimal 200)
   defining Unicode char U+00C9 (decimal 201)
   defining Unicode char U+00CA (decimal 202)
   defining Unicode char U+00CB (decimal 203)
   defining Unicode char U+00CC (decimal 204)
   defining Unicode char U+00CD (decimal 205)
   defining Unicode char U+00CE (decimal 206)
   defining Unicode char U+00CF (decimal 207)
   defining Unicode char U+00D0 (decimal 208)
   defining Unicode char U+00D1 (decimal 209)
   defining Unicode char U+00D2 (decimal 210)
   defining Unicode char U+00D3 (decimal 211)
   defining Unicode char U+00D4 (decimal 212)
   defining Unicode char U+00D5 (decimal 213)
   defining Unicode char U+00D6 (decimal 214)
   defining Unicode char U+00D8 (decimal 216)
   defining Unicode char U+00D9 (decimal 217)
   defining Unicode char U+00DA (decimal 218)
   defining Unicode char U+00DB (decimal 219)
   defining Unicode char U+00DC (decimal 220)
   defining Unicode char U+00DD (decimal 221)
   defining Unicode char U+00DE (decimal 222)
   defining Unicode char U+00DF (decimal 223)
   defining Unicode char U+00E0 (decimal 224)
   defining Unicode char U+00E1 (decimal 225)
   defining Unicode char U+00E2 (decimal 226)
   defining Unicode char U+00E3 (decimal 227)
   defining Unicode char U+00E4 (decimal 228)
   defining Unicode char U+00E5 (decimal 229)
   defining Unicode char U+00E6 (decimal 230)
   defining Unicode char U+00E7 (decimal 231)
   defining Unicode char U+00E8 (decimal 232)
   defining Unicode char U+00E9 (decimal 233)
   defining Unicode char U+00EA (decimal 234)
   defining Unicode char U+00EB (decimal 235)
   defining Unicode char U+00EC (decimal 236)
   defining Unicode char U+00ED (decimal 237)
   defining Unicode char U+00EE (decimal 238)
   defining Unicode char U+00EF (decimal 239)
   defining Unicode char U+00F0 (decimal 240)
   defining Unicode char U+00F1 (decimal 241)
   defining Unicode char U+00F2 (decimal 242)
   defining Unicode char U+00F3 (decimal 243)
   defining Unicode char U+00F4 (decimal 244)
   defining Unicode char U+00F5 (decimal 245)
   defining Unicode char U+00F6 (decimal 246)
   defining Unicode char U+00F8 (decimal 248)
   defining Unicode char U+00F9 (decimal 249)
   defining Unicode char U+00FA (decimal 250)
   defining Unicode char U+00FB (decimal 251)
   defining Unicode char U+00FC (decimal 252)
   defining Unicode char U+00FD (decimal 253)
   defining Unicode char U+00FE (decimal 254)
   defining Unicode char U+00FF (decimal 255)
   defining Unicode char U+0102 (decimal 258)
   defining Unicode char U+0103 (decimal 259)
   defining Unicode char U+0104 (decimal 260)
   defining Unicode char U+0105 (decimal 261)
   defining Unicode char U+0106 (decimal 262)
   defining Unicode char U+0107 (decimal 263)
   defining Unicode char U+010C (decimal 268)
   defining Unicode char U+010D (decimal 269)
   defining Unicode char U+010E (decimal 270)
   defining Unicode char U+010F (decimal 271)
   defining Unicode char U+0110 (decimal 272)
   defining Unicode char U+0111 (decimal 273)
   defining Unicode char U+0118 (decimal 280)
   defining Unicode char U+0119 (decimal 281)
   defining Unicode char U+011A (decimal 282)
   defining Unicode char U+011B (decimal 283)
   defining Unicode char U+011E (decimal 286)
   defining Unicode char U+011F (decimal 287)
   defining Unicode char U+0130 (decimal 304)
   defining Unicode char U+0131 (decimal 305)
   defining Unicode char U+0132 (decimal 306)
   defining Unicode char U+0133 (decimal 307)
   defining Unicode char U+0139 (decimal 313)
   defining Unicode char U+013A (decimal 314)
   defining Unicode char U+013D (decimal 317)
   defining Unicode char U+013E (decimal 318)
   defining Unicode char U+0141 (decimal 321)
   defining Unicode char U+0142 (decimal 322)
   defining Unicode char U+0143 (decimal 323)
   defining Unicode char U+0144 (decimal 324)
   defining Unicode char U+0147 (decimal 327)
   defining Unicode char U+0148 (decimal 328)
   defining Unicode char U+014A (decimal 330)
   defining Unicode char U+014B (decimal 331)
   defining Unicode char U+0150 (decimal 336)
   defining Unicode char U+0151 (decimal 337)
   defining Unicode char U+0152 (decimal 338)
   defining Unicode char U+0153 (decimal 339)
   defining Unicode char U+0154 (decimal 340)
   defining Unicode char U+0155 (decimal 341)
   defining Unicode char U+0158 (decimal 344)
   defining Unicode char U+0159 (decimal 345)
   defining Unicode char U+015A (decimal 346)
   defining Unicode char U+015B (decimal 347)
   defining Unicode char U+015E (decimal 350)
   defining Unicode char U+015F (decimal 351)
   defining Unicode char U+0160 (decimal 352)
   defining Unicode char U+0161 (decimal 353)
   defining Unicode char U+0162 (decimal 354)
   defining Unicode char U+0163 (decimal 355)
   defining Unicode char U+0164 (decimal 356)
   defining Unicode char U+0165 (decimal 357)
   defining Unicode char U+016E (decimal 366)
   defining Unicode char U+016F (decimal 367)
   defining Unicode char U+0170 (decimal 368)
   defining Unicode char U+0171 (decimal 369)
   defining Unicode char U+0178 (decimal 376)
   defining Unicode char U+0179 (decimal 377)
   defining Unicode char U+017A (decimal 378)
   defining Unicode char U+017B (decimal 379)
   defining Unicode char U+017C (decimal 380)
   defining Unicode char U+017D (decimal 381)
   defining Unicode char U+017E (decimal 382)
   defining Unicode char U+200C (decimal 8204)
   defining Unicode char U+2013 (decimal 8211)
   defining Unicode char U+2014 (decimal 8212)
   defining Unicode char U+2018 (decimal 8216)
   defining Unicode char U+2019 (decimal 8217)
   defining Unicode char U+201A (decimal 8218)
   defining Unicode char U+201C (decimal 8220)
   defining Unicode char U+201D (decimal 8221)
   defining Unicode char U+201E (decimal 8222)
   defining Unicode char U+2030 (decimal 8240)
   defining Unicode char U+2031 (decimal 8241)
   defining Unicode char U+2039 (decimal 8249)
   defining Unicode char U+203A (decimal 8250)
   defining Unicode char U+2423 (decimal 9251)
)
Now handling font encoding OT1 ...
... processing UTF-8 mapping file for font encoding OT1

(/usr/share/texmf-dist/tex/latex/base/ot1enc.dfu
File: ot1enc.dfu 2015/06/27 v1.1n UTF-8 support for inputenc
   defining Unicode char U+00A1 (decimal 161)
   defining Unicode char U+00A3 (decimal 163)
   defining Unicode char U+00B8 (decimal 184)
   defining Unicode char U+00BF (decimal 191)
   defining Unicode char U+00C5 (decimal 197)
   defining Unicode char U+00C6 (decimal 198)
   defining Unicode char U+00D8 (decimal 216)
   defining Unicode char U+00DF (decimal 223)
   defining Unicode char U+00E6 (decimal 230)
   defining Unicode char U+00EC (decimal 236)
   defining Unicode char U+00ED (decimal 237)
   defining Unicode char U+00EE (decimal 238)
   defining Unicode char U+00EF (decimal 239)
   defining Unicode char U+00F8 (decimal 248)
   defining Unicode char U+0131 (decimal 305)
   defining Unicode char U+0141 (decimal 321)
   defining Unicode char U+0142 (decimal 322)
   defining Unicode char U+0152 (decimal 338)
   defining Unicode char U+0153 (decimal 339)
   defining Unicode char U+2013 (decimal 8211)
   defining Unicode char U+2014 (decimal 8212)
   defining Unicode char U+2018 (decimal 8216)
   defining Unicode char U+2019 (decimal 8217)
   defining Unicode char U+201C (decimal 8220)
   defining Unicode char U+201D (decimal 8221)
)
Now handling font encoding OMS ...
... processing UTF-8 mapping file for font encoding OMS

(/usr/share/texmf-dist/tex/latex/base/omsenc.dfu
File: omsenc.dfu 2015/06/27 v1.1n UTF-8 support for inputenc
   defining Unicode char U+00A7 (decimal 167)
   defining Unicode char U+00B6 (decimal 182)
   defining Unicode char U+00B7 (decimal 183)
   defining Unicode char U+2020 (decimal 8224)
   defining Unicode char U+2021 (decimal 8225)
   defining Unicode char U+2022 (decimal 8226)
)
Now handling font encoding OMX ...
... no UTF-8 mapping file for font encoding OMX
Now handling font encoding U ...
... no UTF-8 mapping file for font encoding U
   defining Unicode char U+00A9 (decimal 169)
   defining Unicode char U+00AA (decimal 170)
   defining Unicode char U+00AE (decimal 174)
   defining Unicode char U+00BA (decimal 186)
   defining Unicode char U+02C6 (decimal 710)
   defining Unicode char U+02DC (decimal 732)
   defining Unicode char U+200C (decimal 8204)
   defining Unicode char U+2026 (decimal 8230)
   defining Unicode char U+2122 (decimal 8482)
   defining Unicode char U+2423 (decimal 9251)
))
(/usr/share/texmf-dist/tex/latex/graphics/graphicx.sty
Package: graphicx 2014/10/28 v1.0g Enhanced LaTeX Graphics (DPC,SPQR)

(/usr/share/texmf-dist/tex/latex/graphics/keyval.sty
Package: keyval 2014/10/28 v1.15 key=value parser (DPC)
\KV@toks@=\toks16
)
(/usr/share/texmf-dist/tex/latex/graphics/graphics.sty
Package: graphics 2014/10/28 v1.0p Standard LaTeX Graphics (DPC,SPQR)

(/usr/share/texmf-dist/tex/latex/graphics/trig.sty
Package: trig 1999/03/16 v1.09 sin cos tan (DPC)
)
(/usr/share/texmf-dist/tex/latex/latexconfig/graphics.cfg
File: graphics.cfg 2010/04/23 v1.9 graphics configuration of TeX Live
)
Package graphics Info: Driver file: pdftex.def on input line 94.

(/usr/share/texmf-dist/tex/latex/pdftex-def/pdftex.def
File: pdftex.def 2011/05/27 v0.06d Graphics/color for pdfTeX

(/usr/share/texmf-dist/tex/generic/oberdiek/infwarerr.sty
Package: infwarerr 2010/04/08 v1.3 Providing info/warning/error messages (HO)
)
(/usr/share/texmf-dist/tex/generic/oberdiek/ltxcmds.sty
Package: ltxcmds 2011/11/09 v1.22 LaTeX kernel commands for general use (HO)
)
\Gread@gobject=\count87
))
\Gin@req@height=\dimen103
\Gin@req@width=\dimen104
)
(/usr/share/texmf-dist/tex/latex/amsmath/amsmath.sty
Package: amsmath 2013/01/14 v2.14 AMS math features
\@mathmargin=\skip43

For additional information on amsmath, use the `?' option.
(/usr/share/texmf-dist/tex/latex/amsmath/amstext.sty
Package: amstext 2000/06/29 v2.01

(/usr/share/texmf-dist/tex/latex/amsmath/amsgen.sty
File: amsgen.sty 1999/11/30 v2.0
\@emptytoks=\toks17
\ex@=\dimen105
))
(/usr/share/texmf-dist/tex/latex/amsmath/amsbsy.sty
Package: amsbsy 1999/11/29 v1.2d
\pmbraise@=\dimen106
)
(/usr/share/texmf-dist/tex/latex/amsmath/amsopn.sty
Package: amsopn 1999/12/14 v2.01 operator names
)
\inf@bad=\count88
LaTeX Info: Redefining \frac on input line 210.
\uproot@=\count89
\leftroot@=\count90
LaTeX Info: Redefining \overline on input line 306.
\classnum@=\count91
\DOTSCASE@=\count92
LaTeX Info: Redefining \ldots on input line 378.
LaTeX Info: Redefining \dots on input line 381.
LaTeX Info: Redefining \cdots on input line 466.
\Mathstrutbox@=\box26
\strutbox@=\box27
\big@size=\dimen107
LaTeX Font Info:    Redeclaring font encoding OML on input line 566.
LaTeX Font Info:    Redeclaring font encoding OMS on input line 567.
\macc@depth=\count93
\c@MaxMatrixCols=\count94
\dotsspace@=\muskip10
\c@parentequation=\count95
\dspbrk@lvl=\count96
\tag@help=\toks18
\row@=\count97
\column@=\count98
\maxfields@=\count99
\andhelp@=\toks19
\eqnshift@=\dimen108
\alignsep@=\dimen109
\tagshift@=\dimen110
\tagwidth@=\dimen111
\totwidth@=\dimen112
\lineht@=\dimen113
\@envbody=\toks20
\multlinegap=\skip44
\multlinetaggap=\skip45
\mathdisplay@stack=\toks21
LaTeX Info: Redefining \[ on input line 2665.
LaTeX Info: Redefining \] on input line 2666.
)
(/usr/share/texmf-dist/tex/latex/amsfonts/amssymb.sty
Package: amssymb 2013/01/14 v3.01 AMS font symbols

(/usr/share/texmf-dist/tex/latex/amsfonts/amsfonts.sty
Package: amsfonts 2013/01/14 v3.01 Basic AMSFonts support
\symAMSa=\mathgroup4
\symAMSb=\mathgroup5
LaTeX Font Info:    Overwriting math alphabet `\mathfrak' in version `bold'
(Font)                  U/euf/m/n --> U/euf/b/n on input line 106.
))
(/usr/share/texmf-dist/tex/latex/booktabs/booktabs.sty
Package: booktabs 2005/04/14 v1.61803 publication quality tables
\heavyrulewidth=\dimen114
\lightrulewidth=\dimen115
\cmidrulewidth=\dimen116
\belowrulesep=\dimen117
\belowbottomsep=\dimen118
\aboverulesep=\dimen119
\abovetopsep=\dimen120
\cmidrulesep=\dimen121
\cmidrulekern=\dimen122
\defaultaddspace=\dimen123
\@cmidla=\count100
\@cmidlb=\count101
\@aboverulesep=\dimen124
\@belowrulesep=\dimen125
\@thisruleclass=\count102
\@lastruleclass=\count103
\@thisrulewidth=\dimen126
)
(/usr/share/texmf-dist/tex/latex/tools/multicol.sty
Package: multicol 2015/03/31 v1.8m multicolumn formatting (FMi)
\c@tracingmulticols=\count104
\mult@box=\box28
\multicol@leftmargin=\dimen127
\c@unbalance=\count105
\c@collectmore=\count106
\doublecol@number=\count107
\multicoltolerance=\count108
\multicolpretolerance=\count109
\full@width=\dimen128
\page@free=\dimen129
\premulticols=\dimen130
\postmulticols=\dimen131
\multicolsep=\skip46
\multicolbaselineskip=\skip47
\partial@page=\box29
\last@line=\box30
\maxbalancingoverflow=\dimen132
\mult@rightbox=\box31
\mult@grightbox=\box32
\mult@gfirstbox=\box33
\mult@firstbox=\box34
\@tempa=\box35
\@tempa=\box36
\@tempa=\box37
\@tempa=\box38
\@tempa=\box39
\@tempa=\box40
\@tempa=\box41
\@tempa=\box42
\@tempa=\box43
\@tempa=\box44
\@tempa=\box45
\@tempa=\box46
\@tempa=\box47
\@tempa=\box48
\@tempa=\box49
\@tempa=\box50
\@tempa=\box51
\c@columnbadness=\count110
\c@finalcolumnbadness=\count111
\last@try=\dimen133
\multicolovershoot=\dimen134
\multicolundershoot=\dimen135
\mult@nat@firstbox=\box52
\colbreak@box=\box53
\mc@col@check@num=\count112
)
(/usr/share/texmf-dist/tex/latex/blindtext/blindtext.sty
Package: blindtext 2012/01/06 V2.0 blindtext-Package

(/usr/share/texmf-dist/tex/latex/tools/xspace.sty
Package: xspace 2014/10/28 v1.13 Space after command names (DPC,MH)
)
\c@blindtext=\count113
\c@Blindtext=\count114
\c@blind@countparstart=\count115
\blind@countxx=\count116
\blindtext@numBlindtext=\count117
\blind@countyy=\count118
\c@blindlist=\count119
\c@blindlistlevel=\count120
\c@blindlist@level=\count121
\blind@listitem=\count122
\c@blind@listcount=\count123
\c@blind@levelcount=\count124
\blind@mathformula=\count125
\blind@Mathformula=\count126
\c@blind@randomcount=\count127
\c@blind@randommax=\count128
\c@blind@pangramcount=\count129
\c@blind@pangrammax=\count130
)
(/usr/share/texmf-dist/tex/latex/threeparttable/threeparttable.sty
Package: threeparttable 2003/06/13  v 3.0
\@tempboxb=\box54
)
(/usr/share/texmf-dist/tex/latex/tools/verbatim.sty
Package: verbatim 2014/10/28 v1.5q LaTeX2e package for verbatim enhancements
\every@verbatim=\toks22
\verbatim@line=\toks23
\verbatim@in@stream=\read1
)
(/usr/share/texmf-dist/tex/latex/setspace/setspace.sty
Package: setspace 2011/12/19 v6.7a set line spacing
)
(/usr/share/texmf-dist/tex/latex/mwe/mwe.sty
Package: mwe 2012/05/15 v0.3 Package to support minimal working examples (MWE)

(/usr/share/texmf-dist/tex/latex/lipsum/lipsum.sty
Package: lipsum 2014/07/27 v1.3 150 paragraphs of Lorem Ipsum dummy text
\c@lips@count=\count131
))
(/usr/share/texmf-dist/tex/latex/caption/caption.sty
Package: caption 2013/05/02 v3.3-89 Customizing captions (AR)

(/usr/share/texmf-dist/tex/latex/caption/caption3.sty
Package: caption3 2013/05/02 v1.6-88 caption3 kernel (AR)
Package caption3 Info: TeX engine: e-TeX on input line 57.
\captionmargin=\dimen136
\captionmargin@=\dimen137
\captionwidth=\dimen138
\caption@tempdima=\dimen139
\caption@indent=\dimen140
\caption@parindent=\dimen141
\caption@hangindent=\dimen142
)
\c@ContinuedFloat=\count132
Package caption Info: threeparttable package is loaded.
)
(/usr/share/texmf-dist/tex/latex/placeins/placeins.sty
Package: placeins 2005/04/18  v 2.2
)
(/usr/share/texmf-dist/tex/latex/wasysym/wasysym.sty
Package: wasysym 2003/10/30 v2.0 Wasy-2 symbol support package
\symwasy=\mathgroup6
LaTeX Font Info:    Overwriting symbol font `wasy' in version `bold'
(Font)                  U/wasy/m/n --> U/wasy/b/n on input line 90.
) (./report.aux)
\openout1 = `report.aux'.

LaTeX Font Info:    Checking defaults for OML/cmm/m/it on input line 21.
LaTeX Font Info:    ... okay on input line 21.
LaTeX Font Info:    Checking defaults for T1/cmr/m/n on input line 21.
LaTeX Font Info:    ... okay on input line 21.
LaTeX Font Info:    Checking defaults for OT1/cmr/m/n on input line 21.
LaTeX Font Info:    ... okay on input line 21.
LaTeX Font Info:    Checking defaults for OMS/cmsy/m/n on input line 21.
LaTeX Font Info:    ... okay on input line 21.
LaTeX Font Info:    Checking defaults for OMX/cmex/m/n on input line 21.
LaTeX Font Info:    ... okay on input line 21.
LaTeX Font Info:    Checking defaults for U/cmr/m/n on input line 21.
LaTeX Font Info:    ... okay on input line 21.

(/usr/share/texmf-dist/tex/context/base/supp-pdf.mkii
[Loading MPS to PDF converter (version 2006.09.02).]
\scratchcounter=\count133
\scratchdimen=\dimen143
\scratchbox=\box55
\nofMPsegments=\count134
\nofMParguments=\count135
\everyMPshowfont=\toks24
\MPscratchCnt=\count136
\MPscratchDim=\dimen144
\MPnumerator=\count137
\makeMPintoPDFobject=\count138
\everyMPtoPDFconversion=\toks25
) (/usr/share/texmf-dist/tex/generic/oberdiek/pdftexcmds.sty
Package: pdftexcmds 2011/11/29 v0.20 Utility functions of pdfTeX for LuaTeX (HO
)

(/usr/share/texmf-dist/tex/generic/oberdiek/ifluatex.sty
Package: ifluatex 2010/03/01 v1.3 Provides the ifluatex switch (HO)
Package ifluatex Info: LuaTeX not detected.
)
(/usr/share/texmf-dist/tex/generic/oberdiek/ifpdf.sty
Package: ifpdf 2011/01/30 v2.3 Provides the ifpdf switch (HO)
Package ifpdf Info: pdfTeX in PDF mode is detected.
)
Package pdftexcmds Info: LuaTeX not detected.
Package pdftexcmds Info: \pdf@primitive is available.
Package pdftexcmds Info: \pdf@ifprimitive is available.
Package pdftexcmds Info: \pdfdraftmode found.
)
(/usr/share/texmf-dist/tex/latex/oberdiek/epstopdf-base.sty
Package: epstopdf-base 2010/02/09 v2.5 Base part for package epstopdf

(/usr/share/texmf-dist/tex/latex/oberdiek/grfext.sty
Package: grfext 2010/08/19 v1.1 Manage graphics extensions (HO)

(/usr/share/texmf-dist/tex/generic/oberdiek/kvdefinekeys.sty
Package: kvdefinekeys 2011/04/07 v1.3 Define keys (HO)
))
(/usr/share/texmf-dist/tex/latex/oberdiek/kvoptions.sty
Package: kvoptions 2011/06/30 v3.11 Key value format for package options (HO)

(/usr/share/texmf-dist/tex/generic/oberdiek/kvsetkeys.sty
Package: kvsetkeys 2012/04/25 v1.16 Key value parser (HO)

(/usr/share/texmf-dist/tex/generic/oberdiek/etexcmds.sty
Package: etexcmds 2011/02/16 v1.5 Avoid name clashes with e-TeX commands (HO)
Package etexcmds Info: Could not find \expanded.
(etexcmds)             That can mean that you are not using pdfTeX 1.50 or
(etexcmds)             that some package has redefined \expanded.
(etexcmds)             In the latter case, load this package earlier.
)))
Package grfext Info: Graphics extension search list:
(grfext)             [.pdf,.png,.jpg,.mps,.jpeg,.jbig2,.jb2,.PNG,.PDF,.JPG,.JPE
G,.JBIG2,.JB2,.eps]
(grfext)             \AppendGraphicsExtensions on input line 452.

(/usr/share/texmf-dist/tex/latex/latexconfig/epstopdf-sys.cfg
File: epstopdf-sys.cfg 2010/07/13 v1.3 Configuration of (r)epstopdf for TeX Liv
e
))
Package caption Info: Begin \AtBeginDocument code.
Package caption Info: End \AtBeginDocument code.
LaTeX Font Info:    Try loading font information for U+msa on input line 23.

(/usr/share/texmf-dist/tex/latex/amsfonts/umsa.fd
File: umsa.fd 2013/01/14 v3.01 AMS symbols A
)
LaTeX Font Info:    Try loading font information for U+msb on input line 23.

(/usr/share/texmf-dist/tex/latex/amsfonts/umsb.fd
File: umsb.fd 2013/01/14 v3.01 AMS symbols B
)
LaTeX Font Info:    Try loading font information for U+wasy on input line 23.

(/usr/share/texmf-dist/tex/latex/wasysym/uwasy.fd
File: uwasy.fd 2003/10/30 v2.0 Wasy-2 symbol font definitions
)
<graphics/cpd_cc.png, id=1, 651.8754pt x 177.3024pt>
File: graphics/cpd_cc.png Graphic file (type png)
 <use graphics/cpd_cc.png>
Package pdftex.def Info: graphics/cpd_cc.png used on input line 46.
(pdftex.def)             Requested size: 209.22108pt x 56.9055pt.
Package epstopdf Info: Source file: <figures/energy_vs_u_6_sites.eps>
(epstopdf)                    date: 2017-11-07 17:09:58
(epstopdf)                    size: 32311 bytes
(epstopdf)             Output file: <figures/energy_vs_u_6_sites-eps-converted-
to.pdf>
(epstopdf)                    date: 2017-11-07 17:10:45
(epstopdf)                    size: 22729 bytes
(epstopdf)             Command: <repstopdf --outfile=figures/energy_vs_u_6_site
s-eps-converted-to.pdf figures/energy_vs_u_6_sites.eps>
(epstopdf)             \includegraphics on input line 65.
Package epstopdf Info: Output file is already uptodate.

<figures/energy_vs_u_6_sites-eps-converted-to.pdf, id=3, 462.72874pt x 346.2937
5pt>
File: figures/energy_vs_u_6_sites-eps-converted-to.pdf Graphic file (type pdf)
 <use figures/energy_vs_u_6_sites-eps-converted-to.pdf>
Package pdftex.def Info: figures/energy_vs_u_6_sites-eps-converted-to.pdf used 
on input line 65.
(pdftex.def)             Requested size: 310.4979pt x 232.36963pt.
Package epstopdf Info: Source file: <figures/energy_vs_u_10_sites.eps>
(epstopdf)                    date: 2017-11-07 17:09:58
(epstopdf)                    size: 33484 bytes
(epstopdf)             Output file: <figures/energy_vs_u_10_sites-eps-converted
-to.pdf>
(epstopdf)                    date: 2017-11-07 17:10:46
(epstopdf)                    size: 23412 bytes
(epstopdf)             Command: <repstopdf --outfile=figures/energy_vs_u_10_sit
es-eps-converted-to.pdf figures/energy_vs_u_10_sites.eps>
(epstopdf)             \includegraphics on input line 70.
Package epstopdf Info: Output file is already uptodate.

<figures/energy_vs_u_10_sites-eps-converted-to.pdf, id=4, 462.72874pt x 346.293
75pt>
File: figures/energy_vs_u_10_sites-eps-converted-to.pdf Graphic file (type pdf)

 <use figures/energy_vs_u_10_sites-eps-converted-to.pdf>
Package pdftex.def Info: figures/energy_vs_u_10_sites-eps-converted-to.pdf used
 on input line 70.
(pdftex.def)             Requested size: 310.4979pt x 232.36963pt.
Package epstopdf Info: Source file: <figures/energy_vs_u_14_sites.eps>
(epstopdf)                    date: 2017-11-07 17:09:58
(epstopdf)                    size: 34509 bytes
(epstopdf)             Output file: <figures/energy_vs_u_14_sites-eps-converted
-to.pdf>
(epstopdf)                    date: 2017-11-07 17:10:46
(epstopdf)                    size: 23739 bytes
(epstopdf)             Command: <repstopdf --outfile=figures/energy_vs_u_14_sit
es-eps-converted-to.pdf figures/energy_vs_u_14_sites.eps>
(epstopdf)             \includegraphics on input line 75.
Package epstopdf Info: Output file is already uptodate.

<figures/energy_vs_u_14_sites-eps-converted-to.pdf, id=5, 462.72874pt x 346.293
75pt>
File: figures/energy_vs_u_14_sites-eps-converted-to.pdf Graphic file (type pdf)

 <use figures/energy_vs_u_14_sites-eps-converted-to.pdf>
Package pdftex.def Info: figures/energy_vs_u_14_sites-eps-converted-to.pdf used
 on input line 75.
(pdftex.def)             Requested size: 310.4979pt x 232.36963pt.
Package epstopdf Info: Source file: <figures/energy_vs_d_sto-3g.eps>
(epstopdf)                    date: 2017-11-07 17:09:58
(epstopdf)                    size: 34418 bytes
(epstopdf)             Output file: <figures/energy_vs_d_sto-3g-eps-converted-t
o.pdf>
(epstopdf)                    date: 2017-11-07 17:10:46
(epstopdf)                    size: 24688 bytes
(epstopdf)             Command: <repstopdf --outfile=figures/energy_vs_d_sto-3g
-eps-converted-to.pdf figures/energy_vs_d_sto-3g.eps>
(epstopdf)             \includegraphics on input line 80.
Package epstopdf Info: Output file is already uptodate.

<figures/energy_vs_d_sto-3g-eps-converted-to.pdf, id=6, 462.72874pt x 346.29375
pt>
File: figures/energy_vs_d_sto-3g-eps-converted-to.pdf Graphic file (type pdf)
 <use figures/energy_vs_d_sto-3g-eps-converted-to.pdf>
Package pdftex.def Info: figures/energy_vs_d_sto-3g-eps-converted-to.pdf used o
n input line 80.
(pdftex.def)             Requested size: 310.4979pt x 232.36963pt.
Package epstopdf Info: Source file: <figures/energy_vs_d_cc-pvdz.eps>
(epstopdf)                    date: 2017-11-07 17:09:58
(epstopdf)                    size: 37736 bytes
(epstopdf)             Output file: <figures/energy_vs_d_cc-pvdz-eps-converted-
to.pdf>
(epstopdf)                    date: 2017-11-07 17:10:47
(epstopdf)                    size: 26504 bytes
(epstopdf)             Command: <repstopdf --outfile=figures/energy_vs_d_cc-pvd
z-eps-converted-to.pdf figures/energy_vs_d_cc-pvdz.eps>
(epstopdf)             \includegraphics on input line 85.
Package epstopdf Info: Output file is already uptodate.

<figures/energy_vs_d_cc-pvdz-eps-converted-to.pdf, id=7, 462.72874pt x 346.2937
5pt>
File: figures/energy_vs_d_cc-pvdz-eps-converted-to.pdf Graphic file (type pdf)
 <use figures/energy_vs_d_cc-pvdz-eps-converted-to.pdf>
Package pdftex.def Info: figures/energy_vs_d_cc-pvdz-eps-converted-to.pdf used 
on input line 85.
(pdftex.def)             Requested size: 310.4979pt x 232.36963pt.
 [1

{/var/lib/texmf/fonts/map/pdftex/updmap/pdftex.map} <./graphics/cpd_cc.png>] [2
 <./figures/energy_vs_u_6_sites-eps-converted-to.pdf> <./figures/energy_vs_u_10
_sites-eps-converted-to.pdf>] [3 <./figures/energy_vs_u_14_sites-eps-converted-
to.pdf> <./figures/energy_vs_d_sto-3g-eps-converted-to.pdf>]
Package epstopdf Info: Source file: <figures/err_vs_r_u_2_cpd.eps>
(epstopdf)                    date: 2017-11-07 17:09:58
(epstopdf)                    size: 31330 bytes
(epstopdf)             Output file: <figures/err_vs_r_u_2_cpd-eps-converted-to.
pdf>
(epstopdf)                    date: 2017-11-07 17:10:47
(epstopdf)                    size: 21117 bytes
(epstopdf)             Command: <repstopdf --outfile=figures/err_vs_r_u_2_cpd-e
ps-converted-to.pdf figures/err_vs_r_u_2_cpd.eps>
(epstopdf)             \includegraphics on input line 104.
Package epstopdf Info: Output file is already uptodate.

<figures/err_vs_r_u_2_cpd-eps-converted-to.pdf, id=230, 462.72874pt x 346.29375
pt>
File: figures/err_vs_r_u_2_cpd-eps-converted-to.pdf Graphic file (type pdf)
 <use figures/err_vs_r_u_2_cpd-eps-converted-to.pdf>
Package pdftex.def Info: figures/err_vs_r_u_2_cpd-eps-converted-to.pdf used on 
input line 104.
(pdftex.def)             Requested size: 310.4979pt x 232.36963pt.
 [4 <./figures/energy_vs_d_cc-pvdz-eps-converted-to.pdf> <./figures/err_vs_r_u_
2_cpd-eps-converted-to.pdf>]
Package epstopdf Info: Source file: <figures/r2_norms_vs_u_10_sites.eps>
(epstopdf)                    date: 2017-11-07 17:09:58
(epstopdf)                    size: 27372 bytes
(epstopdf)             Output file: <figures/r2_norms_vs_u_10_sites-eps-convert
ed-to.pdf>
(epstopdf)                    date: 2017-11-07 17:10:48
(epstopdf)                    size: 18131 bytes
(epstopdf)             Command: <repstopdf --outfile=figures/r2_norms_vs_u_10_s
ites-eps-converted-to.pdf figures/r2_norms_vs_u_10_sites.eps>
(epstopdf)             \includegraphics on input line 120.
Package epstopdf Info: Output file is already uptodate.

<figures/r2_norms_vs_u_10_sites-eps-converted-to.pdf, id=337, 462.72874pt x 346
.29375pt>
File: figures/r2_norms_vs_u_10_sites-eps-converted-to.pdf Graphic file (type pd
f)
 <use figures/r2_norms_vs_u_10_sites-eps-converted-to.pdf>
Package pdftex.def Info: figures/r2_norms_vs_u_10_sites-eps-converted-to.pdf us
ed on input line 120.
(pdftex.def)             Requested size: 310.4979pt x 232.36963pt.
Package epstopdf Info: Source file: <figures/t1_norms_vs_u_10_sites.eps>
(epstopdf)                    date: 2017-11-07 17:09:58
(epstopdf)                    size: 32731 bytes
(epstopdf)             Output file: <figures/t1_norms_vs_u_10_sites-eps-convert
ed-to.pdf>
(epstopdf)                    date: 2017-11-07 17:10:48
(epstopdf)                    size: 22245 bytes
(epstopdf)             Command: <repstopdf --outfile=figures/t1_norms_vs_u_10_s
ites-eps-converted-to.pdf figures/t1_norms_vs_u_10_sites.eps>
(epstopdf)             \includegraphics on input line 135.
Package epstopdf Info: Output file is already uptodate.

<figures/t1_norms_vs_u_10_sites-eps-converted-to.pdf, id=338, 462.72874pt x 346
.29375pt>
File: figures/t1_norms_vs_u_10_sites-eps-converted-to.pdf Graphic file (type pd
f)
 <use figures/t1_norms_vs_u_10_sites-eps-converted-to.pdf>
Package pdftex.def Info: figures/t1_norms_vs_u_10_sites-eps-converted-to.pdf us
ed on input line 135.
(pdftex.def)             Requested size: 310.4979pt x 232.36963pt.
Package epstopdf Info: Source file: <figures/t2_norms_vs_u_10_sites.eps>
(epstopdf)                    date: 2017-11-07 17:09:58
(epstopdf)                    size: 30176 bytes
(epstopdf)             Output file: <figures/t2_norms_vs_u_10_sites-eps-convert
ed-to.pdf>
(epstopdf)                    date: 2017-11-07 17:10:48
(epstopdf)                    size: 21334 bytes
(epstopdf)             Command: <repstopdf --outfile=figures/t2_norms_vs_u_10_s
ites-eps-converted-to.pdf figures/t2_norms_vs_u_10_sites.eps>
(epstopdf)             \includegraphics on input line 147.
Package epstopdf Info: Output file is already uptodate.

<figures/t2_norms_vs_u_10_sites-eps-converted-to.pdf, id=339, 462.72874pt x 346
.29375pt>
File: figures/t2_norms_vs_u_10_sites-eps-converted-to.pdf Graphic file (type pd
f)
 <use figures/t2_norms_vs_u_10_sites-eps-converted-to.pdf>
Package pdftex.def Info: figures/t2_norms_vs_u_10_sites-eps-converted-to.pdf us
ed on input line 147.
(pdftex.def)             Requested size: 310.4979pt x 232.36963pt.
Package epstopdf Info: Source file: <figures/lam1_vs_u_10_sites.eps>
(epstopdf)                    date: 2017-11-07 17:09:58
(epstopdf)                    size: 32428 bytes
(epstopdf)             Output file: <figures/lam1_vs_u_10_sites-eps-converted-t
o.pdf>
(epstopdf)                    date: 2017-11-07 17:10:49
(epstopdf)                    size: 23497 bytes
(epstopdf)             Command: <repstopdf --outfile=figures/lam1_vs_u_10_sites
-eps-converted-to.pdf figures/lam1_vs_u_10_sites.eps>
(epstopdf)             \includegraphics on input line 157.
Package epstopdf Info: Output file is already uptodate.

<figures/lam1_vs_u_10_sites-eps-converted-to.pdf, id=340, 462.72874pt x 346.293
75pt>
File: figures/lam1_vs_u_10_sites-eps-converted-to.pdf Graphic file (type pdf)
 <use figures/lam1_vs_u_10_sites-eps-converted-to.pdf>
Package pdftex.def Info: figures/lam1_vs_u_10_sites-eps-converted-to.pdf used o
n input line 157.
(pdftex.def)             Requested size: 310.4979pt x 232.36963pt.
 [5 <./figures/r2_norms_vs_u_10_sites-eps-converted-to.pdf>]
Package epstopdf Info: Source file: <figures/lam1_lamN_vs_u_10_sites_rank_7.eps
>
(epstopdf)                    date: 2017-11-07 17:09:58
(epstopdf)                    size: 32197 bytes
(epstopdf)             Output file: <figures/lam1_lamN_vs_u_10_sites_rank_7-eps
-converted-to.pdf>
(epstopdf)                    date: 2017-11-07 17:10:49
(epstopdf)                    size: 21862 bytes
(epstopdf)             Command: <repstopdf --outfile=figures/lam1_lamN_vs_u_10_
sites_rank_7-eps-converted-to.pdf figures/lam1_lamN_vs_u_10_sites_rank_7.eps>
(epstopdf)             \includegraphics on input line 170.
Package epstopdf Info: Output file is already uptodate.

<figures/lam1_lamN_vs_u_10_sites_rank_7-eps-converted-to.pdf, id=382, 462.72874
pt x 346.29375pt>
File: figures/lam1_lamN_vs_u_10_sites_rank_7-eps-converted-to.pdf Graphic file 
(type pdf)

<use figures/lam1_lamN_vs_u_10_sites_rank_7-eps-converted-to.pdf>
Package pdftex.def Info: figures/lam1_lamN_vs_u_10_sites_rank_7-eps-converted-t
o.pdf used on input line 170.
(pdftex.def)             Requested size: 310.4979pt x 232.36963pt.
Package epstopdf Info: Source file: <figures/lam1_lamN_vs_u_10_sites_rank_25.ep
s>
(epstopdf)                    date: 2017-11-07 17:09:58
(epstopdf)                    size: 47383 bytes
(epstopdf)             Output file: <figures/lam1_lamN_vs_u_10_sites_rank_25-ep
s-converted-to.pdf>
(epstopdf)                    date: 2017-11-07 17:10:49
(epstopdf)                    size: 24329 bytes
(epstopdf)             Command: <repstopdf --outfile=figures/lam1_lamN_vs_u_10_
sites_rank_25-eps-converted-to.pdf figures/lam1_lamN_vs_u_10_sites_rank_25.eps>

(epstopdf)             \includegraphics on input line 175.
Package epstopdf Info: Output file is already uptodate.

<figures/lam1_lamN_vs_u_10_sites_rank_25-eps-converted-to.pdf, id=383, 462.7287
4pt x 346.29375pt>
File: figures/lam1_lamN_vs_u_10_sites_rank_25-eps-converted-to.pdf Graphic file
 (type pdf)

<use figures/lam1_lamN_vs_u_10_sites_rank_25-eps-converted-to.pdf>
Package pdftex.def Info: figures/lam1_lamN_vs_u_10_sites_rank_25-eps-converted-
to.pdf used on input line 175.
(pdftex.def)             Requested size: 310.4979pt x 232.36963pt.
Package epstopdf Info: Source file: <figures/lam1_lamN_vs_u_10_sites_rccsd_vovo
.eps>
(epstopdf)                    date: 2017-11-07 17:09:58
(epstopdf)                    size: 48496 bytes
(epstopdf)             Output file: <figures/lam1_lamN_vs_u_10_sites_rccsd_vovo
-eps-converted-to.pdf>
(epstopdf)                    date: 2017-11-07 17:10:50
(epstopdf)                    size: 24785 bytes
(epstopdf)             Command: <repstopdf --outfile=figures/lam1_lamN_vs_u_10_
sites_rccsd_vovo-eps-converted-to.pdf figures/lam1_lamN_vs_u_10_sites_rccsd_vov
o.eps>
(epstopdf)             \includegraphics on input line 180.
Package epstopdf Info: Output file is already uptodate.

<figures/lam1_lamN_vs_u_10_sites_rccsd_vovo-eps-converted-to.pdf, id=384, 462.7
2874pt x 346.29375pt>
File: figures/lam1_lamN_vs_u_10_sites_rccsd_vovo-eps-converted-to.pdf Graphic f
ile (type pdf)

<use figures/lam1_lamN_vs_u_10_sites_rccsd_vovo-eps-converted-to.pdf>
Package pdftex.def Info: figures/lam1_lamN_vs_u_10_sites_rccsd_vovo-eps-convert
ed-to.pdf used on input line 180.
(pdftex.def)             Requested size: 310.4979pt x 232.36963pt.
Package epstopdf Info: Source file: <figures/lam1_lamN_vs_u_10_sites_rccsd_vvoo
.eps>
(epstopdf)                    date: 2017-11-07 17:09:58
(epstopdf)                    size: 48825 bytes
(epstopdf)             Output file: <figures/lam1_lamN_vs_u_10_sites_rccsd_vvoo
-eps-converted-to.pdf>
(epstopdf)                    date: 2017-11-07 17:10:50
(epstopdf)                    size: 24834 bytes
(epstopdf)             Command: <repstopdf --outfile=figures/lam1_lamN_vs_u_10_
sites_rccsd_vvoo-eps-converted-to.pdf figures/lam1_lamN_vs_u_10_sites_rccsd_vvo
o.eps>
(epstopdf)             \includegraphics on input line 185.
Package epstopdf Info: Output file is already uptodate.

<figures/lam1_lamN_vs_u_10_sites_rccsd_vvoo-eps-converted-to.pdf, id=385, 462.7
2874pt x 346.29375pt>
File: figures/lam1_lamN_vs_u_10_sites_rccsd_vvoo-eps-converted-to.pdf Graphic f
ile (type pdf)

<use figures/lam1_lamN_vs_u_10_sites_rccsd_vvoo-eps-converted-to.pdf>
Package pdftex.def Info: figures/lam1_lamN_vs_u_10_sites_rccsd_vvoo-eps-convert
ed-to.pdf used on input line 185.
(pdftex.def)             Requested size: 310.4979pt x 232.36963pt.
 [6 <./figures/t1_norms_vs_u_10_sites-eps-converted-to.pdf> <./figures/t2_norms
_vs_u_10_sites-eps-converted-to.pdf>] [7 <./figures/lam1_vs_u_10_sites-eps-conv
erted-to.pdf> <./figures/lam1_lamN_vs_u_10_sites_rank_7-eps-converted-to.pdf>] 
[8 <./figures/lam1_lamN_vs_u_10_sites_rank_25-eps-converted-to.pdf> <./figures/
lam1_lamN_vs_u_10_sites_rccsd_vovo-eps-converted-to.pdf>] [9 <./figures/lam1_la
mN_vs_u_10_sites_rccsd_vvoo-eps-converted-to.pdf>] (./report.aux) ) 
Here is how much of TeX's memory you used:
 4549 strings out of 495008
 66481 string characters out of 6181949
 224191 words of memory out of 5000000
 7669 multiletter control sequences out of 15000+600000
 12170 words of font info for 49 fonts, out of 8000000 for 9000
 14 hyphenation exceptions out of 8191
 38i,6n,38p,259b,241s stack positions out of 5000i,500n,10000p,200000b,80000s
</usr/share/
texmf-dist/fonts/type1/public/amsfonts/cm/cmbx12.pfb></usr/share/texmf-dist/fon
ts/type1/public/amsfonts/cm/cmex10.pfb></usr/share/texmf-dist/fonts/type1/publi
c/amsfonts/cm/cmmi10.pfb></usr/share/texmf-dist/fonts/type1/public/amsfonts/cm/
cmmi5.pfb></usr/share/texmf-dist/fonts/type1/public/amsfonts/cm/cmmi7.pfb></usr
/share/texmf-dist/fonts/type1/public/amsfonts/cm/cmr10.pfb></usr/share/texmf-di
st/fonts/type1/public/amsfonts/cm/cmr12.pfb></usr/share/texmf-dist/fonts/type1/
public/amsfonts/cm/cmr17.pfb></usr/share/texmf-dist/fonts/type1/public/amsfonts
/cm/cmr7.pfb></usr/share/texmf-dist/fonts/type1/public/amsfonts/cm/cmsy10.pfb>
Output written on report.pdf (9 pages, 604934 bytes).
PDF statistics:
 758 PDF objects out of 1000 (max. 8388607)
 147 compressed objects within 2 object streams
 0 named destinations out of 1000 (max. 500000)
 76 words of extra memory for PDF output out of 10000 (max. 10000000)

